Show Weekly IoT Sensor Stats
+-----------------+--------------------+-----------------------------+-----------------------------+-----------------------------+---------------------------+---------------------------+---------------------------+
|             guid|              window|min(payload.data.temperature)|max(payload.data.temperature)|avg(payload.data.temperature)|min(payload.data.windspeed)|max(payload.data.windspeed)|avg(payload.data.windspeed)|
+-----------------+--------------------+-----------------------------+-----------------------------+-----------------------------+---------------------------+---------------------------+---------------------------+
|0-ZZZ12345678-01A|[2016-09-15 00:00...|                         55.4|                         79.8|           62.796226415094345|                        0.2|                       15.1|           8.02578616352201|
|0-ZZZ12345678-01A|[2016-09-22 00:00...|                         55.5|                         80.7|            63.29702380952379|                        0.1|                       15.0|          7.180952380952381|
|0-ZZZ12345678-01A|[2016-09-29 00:00...|                         52.0|                         79.5|            60.54880952380956|                        0.1|                       14.8|         6.9386904761904775|
|0-ZZZ12345678-01A|[2016-10-06 00:00...|                         51.5|                         76.6|            59.27142857142859|                        0.0|                       13.2|          6.877380952380954|
|0-ZZZ12345678-01A|[2016-10-13 00:00...|                         51.2|                         73.8|            59.08988095238095|                        0.1|                       13.1|          6.617857142857143|
|0-ZZZ12345678-01A|[2016-10-20 00:00...|                         51.2|                         75.4|            58.67440476190479|                        0.2|                       13.1|          6.869047619047619|
|0-ZZZ12345678-01A|[2016-10-27 00:00...|                         44.7|                         77.3|            56.88273809523811|                        0.1|                       13.0|         6.3178571428571395|
|0-ZZZ12345678-01A|[2016-11-03 00:00...|                         44.8|                         65.0|            51.36130952380952|                        0.1|                       11.1|          5.673809523809523|
|0-ZZZ12345678-01A|[2016-11-10 00:00...|                         44.3|                         65.6|            51.14583333333332|                        0.0|                       10.9|          5.493452380952381|
|0-ZZZ12345678-01A|[2016-11-17 00:00...|                         44.2|                         67.3|           51.000595238095215|                        0.1|                       11.1|          5.730357142857143|
|0-ZZZ12345678-01A|[2016-11-24 00:00...|                         44.6|                         68.6|            51.52440476190478|                        0.1|                       11.1|          5.519047619047619|
|0-ZZZ12345678-01A|[2016-12-01 00:00...|                         40.7|                         60.9|            47.37976190476191|                        0.1|                       11.7|         6.4005952380952404|
|0-ZZZ12345678-01A|[2016-12-08 00:00...|                         40.5|                         58.2|            46.90714285714286|                        0.0|                       11.7|          5.823214285714288|
|0-ZZZ12345678-01A|[2016-12-15 00:00...|                         40.5|                         61.5|           47.022023809523816|                        0.1|                       11.6|           5.60535714285714|
|0-ZZZ12345678-01A|[2016-12-22 00:00...|                         40.3|                         61.5|           46.879166666666684|                        0.0|                       11.7|          5.767857142857143|
|0-ZZZ12345678-01A|[2016-12-29 00:00...|                         41.0|                         60.6|           46.820833333333326|                        0.1|                       11.4|          5.264285714285716|
|0-ZZZ12345678-01A|[2017-01-05 00:00...|                         40.2|                         59.5|            46.45476190476192|                        0.0|                        9.5|          4.658333333333333|
|0-ZZZ12345678-01A|[2017-01-12 00:00...|                         40.6|                         60.4|            46.81607142857143|                        0.1|                        9.4|          4.772023809523812|
|0-ZZZ12345678-01A|[2017-01-19 00:00...|                         40.5|                         58.7|           46.818452380952394|                        0.1|                        9.4|          4.618452380952382|
|0-ZZZ12345678-01A|[2017-01-26 00:00...|                         40.6|                         62.8|            47.07261904761903|                        0.0|                       11.5|           5.03035714285714|
+-----------------+--------------------+-----------------------------+-----------------------------+-----------------------------+---------------------------+---------------------------+---------------------------+
only showing top 20 rows

Show Daily IoT Sensor Stats
+-----------------+--------------------+-----------------------------+-----------------------------+-----------------------------+---------------------------+---------------------------+---------------------------+
|             guid|              window|min(payload.data.temperature)|max(payload.data.temperature)|avg(payload.data.temperature)|min(payload.data.windspeed)|max(payload.data.windspeed)|avg(payload.data.windspeed)|
+-----------------+--------------------+-----------------------------+-----------------------------+-----------------------------+---------------------------+---------------------------+---------------------------+
|0-ZZZ12345678-01A|[2016-09-15 00:00...|                         56.3|                         67.0|                         60.5|                        0.9|                       14.1|          8.120000000000001|
|0-ZZZ12345678-01A|[2016-09-16 00:00...|                         56.1|                         76.2|            62.54166666666666|                        2.1|                       14.8|          7.458333333333332|
|0-ZZZ12345678-01A|[2016-09-17 00:00...|                         56.7|                         76.6|           63.887499999999996|                        0.7|                       15.1|                     8.7625|
|0-ZZZ12345678-01A|[2016-09-18 00:00...|                         55.6|                         75.7|            61.26666666666667|                        2.3|                       13.2|         7.2458333333333345|
|0-ZZZ12345678-01A|[2016-09-19 00:00...|                         56.5|                         74.1|           63.425000000000004|                        2.6|                       14.9|          8.562500000000002|
|0-ZZZ12345678-01A|[2016-09-20 00:00...|                         55.4|                         79.8|            63.70416666666666|                        0.8|                       13.5|          7.620833333333334|
|0-ZZZ12345678-01A|[2016-09-21 00:00...|                         56.9|                         75.0|            63.38750000000001|                        0.2|                       14.8|          8.445833333333333|
|0-ZZZ12345678-01A|[2016-09-22 00:00...|                         55.8|                         78.5|            62.87083333333334|                        0.1|                       13.9|          7.479166666666667|
|0-ZZZ12345678-01A|[2016-09-23 00:00...|                         55.6|                         74.8|            64.14166666666667|                        0.2|                       14.4|          6.537500000000001|
|0-ZZZ12345678-01A|[2016-09-24 00:00...|                         55.5|                         67.8|                       61.475|                        0.4|                       15.0|          6.858333333333334|
|0-ZZZ12345678-01A|[2016-09-25 00:00...|                         58.0|                         79.9|            64.68750000000001|                        0.5|                       13.9|          8.233333333333333|
|0-ZZZ12345678-01A|[2016-09-26 00:00...|                         56.4|                         80.7|            63.08333333333335|                        1.6|                       14.4|          8.670833333333334|
|0-ZZZ12345678-01A|[2016-09-27 00:00...|                         56.6|                         77.0|            63.36666666666668|                        0.7|                       12.2|          6.170833333333333|
|0-ZZZ12345678-01A|[2016-09-28 00:00...|                         57.3|                         77.8|            63.45416666666666|                        0.5|                       14.4|          6.316666666666666|
|0-ZZZ12345678-01A|[2016-09-29 00:00...|                         56.1|                         79.5|            65.02916666666667|                        1.0|                       14.8|                    10.4625|
|0-ZZZ12345678-01A|[2016-09-30 00:00...|                         55.9|                         78.2|            62.89583333333334|                        0.2|                       14.4|          7.741666666666666|
|0-ZZZ12345678-01A|[2016-10-01 00:00...|                         52.8|                         72.6|           59.533333333333324|                        0.8|                       13.2|         6.5874999999999995|
|0-ZZZ12345678-01A|[2016-10-02 00:00...|                         52.9|                         70.8|           59.558333333333316|                        0.5|                       12.7|          5.870833333333334|
|0-ZZZ12345678-01A|[2016-10-03 00:00...|                         53.0|                         70.8|            58.60833333333333|                        0.1|                       12.5|          5.941666666666666|
|0-ZZZ12345678-01A|[2016-10-04 00:00...|                         52.0|                         70.5|                      59.0375|                        0.3|                       12.9|          5.870833333333333|
+-----------------+--------------------+-----------------------------+-----------------------------+-----------------------------+---------------------------+---------------------------+---------------------------+
only showing top 20 rows

Show IoT Sensor temperatures sorted in descending order
+-----------+
|temperature|
+-----------+
|       85.6|
|       85.5|
|       85.2|
|       85.0|
|       83.9|
|       83.0|
|       82.9|
|       82.4|
|       82.4|
|       82.3|
|       82.3|
|       82.3|
|       82.3|
|       82.2|
|       82.2|
|       82.1|
|       82.0|
|       81.9|
|       81.9|
|       81.9|
+-----------+
only showing top 20 rows

Show IoT Sensor windspeed sorted in descending order
+---------+
|windspeed|
+---------+
|     16.3|
|     16.3|
|     16.3|
|     16.3|
|     16.3|
|     16.2|
|     16.2|
|     16.2|
|     16.2|
|     16.2|
|     16.2|
|     16.2|
|     16.2|
|     16.1|
|     16.1|
|     16.1|
|     16.1|
|     16.1|
|     16.1|
|     16.1|
+---------+
only showing top 20 rows

Show SUMMARY of IoT Sensor temperature data
+-------+-----------------+
|summary|      temperature|
+-------+-----------------+
|  count|            10000|
|   mean|56.62638996772766|
| stddev|8.240814991483791|
|    min|             40.2|
|    max|             85.6|
+-------+-----------------+

Show SUMMARY of IoT Sensor windspeed data
+-------+-----------------+
|summary|        windspeed|
+-------+-----------------+
|  count|            10000|
|   mean|  6.8923800020881|
| stddev|4.156770839738958|
|    min|              0.0|
|    max|             16.3|
+-------+-----------------+